<?xml version="1.0" encoding="UTF-8"?>
<!-- Generated by org.testng.reporters.JUnitReportReporter -->
<testsuite hostname="DS-D4BED9BB31A5" name="com.selenium.learn.Xml_Read" tests="2" failures="0" timestamp="17 Oct 2013 13:26:00 GMT" time="0.005" errors="0">
  <testcase name="test_1" time="0.004" classname="com.selenium.learn.Xml_Read"/>
  <testcase name="test_3" time="0.001" classname="com.selenium.learn.Xml_Read"/>
</testsuite> <!-- com.selenium.learn.Xml_Read -->
