<?xml version="1.0" encoding="UTF-8"?>
<!-- Generated by org.testng.reporters.JUnitReportReporter -->
<testsuite hostname="DS-D4BED9BB31A5" name="Test_Annotations" tests="2" failures="0" timestamp="11 Nov 2013 05:56:28 GMT" time="0.012" errors="0">
  <testcase name="run1_m1" time="0.003" classname="Test_Annotations"/>
  <testcase name="run1_m3" time="0.009" classname="Test_Annotations"/>
</testsuite> <!-- Test_Annotations -->
