<?xml version="1.0" encoding="UTF-8"?>
<!-- Generated by org.testng.reporters.JUnitReportReporter -->
<testsuite hostname="DS-D4BED9BB31A5" name="com.basics.scjp.learn.Annot_Test_class" tests="1" failures="0" timestamp="21 Jan 2014 12:00:30 GMT" time="0.006" errors="0">
  <testcase name="verifyData1" time="0.006" classname="com.basics.scjp.learn.Annot_Test_class"/>
</testsuite> <!-- com.basics.scjp.learn.Annot_Test_class -->
