<?xml version="1.0" encoding="UTF-8"?>
<!-- Generated by org.testng.reporters.JUnitReportReporter -->
<testsuite hostname="DS-D4BED9BB31A5" name="Test_Annotations_1" tests="1" failures="0" timestamp="10 Oct 2013 04:38:31 GMT" time="0.006" errors="0">
  <testcase name="run1_m2_a1" time="0.006" classname="Test_Annotations_1"/>
</testsuite> <!-- Test_Annotations_1 -->
