<?xml version="1.0" encoding="UTF-8"?>
<!-- Generated by org.testng.reporters.JUnitReportReporter -->
<testsuite hostname="DS-D4BED9BB31A5" name="com.selenium.learn.InheritGroups_Demo" tests="2" failures="0" timestamp="11 Oct 2013 06:29:10 GMT" time="0.008" errors="0">
  <testcase name="test_1" time="0.008" classname="com.selenium.learn.InheritGroups_Demo"/>
  <testcase name="test_2" time="0.000" classname="com.selenium.learn.InheritGroups_Demo"/>
</testsuite> <!-- com.selenium.learn.InheritGroups_Demo -->
