<?xml version="1.0" encoding="UTF-8"?>
<!-- Generated by org.testng.reporters.JUnitReportReporter -->
<testsuite hostname="Shankar" name="com.tests.TestNG_IReport" tests="1" failures="0" timestamp="22 Apr 2014 16:46:27 GMT" time="0.011" errors="0">
  <testcase name="TestNG_IReport_m1" time="0.011" classname="com.tests.TestNG_IReport"/>
</testsuite> <!-- com.tests.TestNG_IReport -->
