<?xml version="1.0" encoding="UTF-8"?>
<!-- Generated by org.testng.reporters.JUnitReportReporter -->
<testsuite hostname="Shankar" name="com.tests.TestNG_ITNG" tests="5" failures="0" timestamp="17 Apr 2014 02:18:47 GMT" time="0.016" errors="0">
  <testcase name="TestNG_ITNG_M7" time="0.001" classname="com.tests.TestNG_ITNG"/>
  <testcase name="TestNG_ITNG_M2" time="0.001" classname="com.tests.TestNG_ITNG"/>
  <testcase name="TestNG_ITNG_M4" time="0.001" classname="com.tests.TestNG_ITNG"/>
  <testcase name="TestNG_ITNG_M1" time="0.012" classname="com.tests.TestNG_ITNG"/>
  <testcase name="TestNG_ITNG_M3" time="0.001" classname="com.tests.TestNG_ITNG"/>
</testsuite> <!-- com.tests.TestNG_ITNG -->
